Performing C++ SOURCE FILE Test CMAKE_HAVE_LIBC_PTHREAD failed with the following output:
Change Dir: /home/freicar/freicar_ws/src/speed_racers_comp_test/freicar_map_sr/cmake-build-debug/CMakeFiles/CMakeTmp

Run Build Command(s):/usr/bin/make cmTC_33d20/fast && /usr/bin/make  -f CMakeFiles/cmTC_33d20.dir/build.make CMakeFiles/cmTC_33d20.dir/build
make[1]: Entering directory '/home/freicar/freicar_ws/src/speed_racers_comp_test/freicar_map_sr/cmake-build-debug/CMakeFiles/CMakeTmp'
Building CXX object CMakeFiles/cmTC_33d20.dir/src.cxx.o
/usr/bin/c++    -O0 -g -Wall -Wextra -DCMAKE_HAVE_LIBC_PTHREAD -fPIE   -o CMakeFiles/cmTC_33d20.dir/src.cxx.o -c /home/freicar/freicar_ws/src/speed_racers_comp_test/freicar_map_sr/cmake-build-debug/CMakeFiles/CMakeTmp/src.cxx
Linking CXX executable cmTC_33d20
/opt/clion-2020.2.4/bin/cmake/linux/bin/cmake -E cmake_link_script CMakeFiles/cmTC_33d20.dir/link.txt --verbose=1
/usr/bin/c++  -O0 -g -Wall -Wextra -DCMAKE_HAVE_LIBC_PTHREAD    -rdynamic CMakeFiles/cmTC_33d20.dir/src.cxx.o  -o cmTC_33d20 
/usr/bin/ld: CMakeFiles/cmTC_33d20.dir/src.cxx.o: in function `main':
/home/freicar/freicar_ws/src/speed_racers_comp_test/freicar_map_sr/cmake-build-debug/CMakeFiles/CMakeTmp/src.cxx:11: undefined reference to `pthread_create'
/usr/bin/ld: /home/freicar/freicar_ws/src/speed_racers_comp_test/freicar_map_sr/cmake-build-debug/CMakeFiles/CMakeTmp/src.cxx:12: undefined reference to `pthread_detach'
/usr/bin/ld: /home/freicar/freicar_ws/src/speed_racers_comp_test/freicar_map_sr/cmake-build-debug/CMakeFiles/CMakeTmp/src.cxx:13: undefined reference to `pthread_cancel'
/usr/bin/ld: /home/freicar/freicar_ws/src/speed_racers_comp_test/freicar_map_sr/cmake-build-debug/CMakeFiles/CMakeTmp/src.cxx:14: undefined reference to `pthread_join'
collect2: error: ld returned 1 exit status
make[1]: *** [CMakeFiles/cmTC_33d20.dir/build.make:107: cmTC_33d20] Error 1
make[1]: Leaving directory '/home/freicar/freicar_ws/src/speed_racers_comp_test/freicar_map_sr/cmake-build-debug/CMakeFiles/CMakeTmp'
make: *** [Makefile:141: cmTC_33d20/fast] Error 2


Source file was:
#include <pthread.h>

void* test_func(void* data)
{
  return data;
}

int main(void)
{
  pthread_t thread;
  pthread_create(&thread, NULL, test_func, NULL);
  pthread_detach(thread);
  pthread_cancel(thread);
  pthread_join(thread, NULL);
  pthread_atfork(NULL, NULL, NULL);
  pthread_exit(NULL);

  return 0;
}

Determining if the function pthread_create exists in the pthreads failed with the following output:
Change Dir: /home/freicar/freicar_ws/src/speed_racers_comp_test/freicar_map_sr/cmake-build-debug/CMakeFiles/CMakeTmp

Run Build Command(s):/usr/bin/make cmTC_c5882/fast && /usr/bin/make  -f CMakeFiles/cmTC_c5882.dir/build.make CMakeFiles/cmTC_c5882.dir/build
make[1]: Entering directory '/home/freicar/freicar_ws/src/speed_racers_comp_test/freicar_map_sr/cmake-build-debug/CMakeFiles/CMakeTmp'
Building CXX object CMakeFiles/cmTC_c5882.dir/CheckFunctionExists.cxx.o
/usr/bin/c++    -O0 -g -Wall -Wextra -DCHECK_FUNCTION_EXISTS=pthread_create -fPIE   -o CMakeFiles/cmTC_c5882.dir/CheckFunctionExists.cxx.o -c /home/freicar/freicar_ws/src/speed_racers_comp_test/freicar_map_sr/cmake-build-debug/CMakeFiles/CheckLibraryExists/CheckFunctionExists.cxx
Linking CXX executable cmTC_c5882
/opt/clion-2020.2.4/bin/cmake/linux/bin/cmake -E cmake_link_script CMakeFiles/cmTC_c5882.dir/link.txt --verbose=1
/usr/bin/c++  -O0 -g -Wall -Wextra -DCHECK_FUNCTION_EXISTS=pthread_create    -rdynamic CMakeFiles/cmTC_c5882.dir/CheckFunctionExists.cxx.o  -o cmTC_c5882  -lpthreads 
/usr/bin/ld: cannot find -lpthreads
collect2: error: ld returned 1 exit status
make[1]: *** [CMakeFiles/cmTC_c5882.dir/build.make:107: cmTC_c5882] Error 1
make[1]: Leaving directory '/home/freicar/freicar_ws/src/speed_racers_comp_test/freicar_map_sr/cmake-build-debug/CMakeFiles/CMakeTmp'
make: *** [Makefile:141: cmTC_c5882/fast] Error 2



